2016-03-14 22:22:48 Error: Fatal Error (1): Class 'PDO' not found in [/var/www/html/cake/lib/Cake/Model/Datasource/Database/Mysql.php, line 210]
2016-03-14 22:22:48 Error: [FatalErrorException] Class 'PDO' not found
Request URL: /cake/
Stack Trace:
#0 /var/www/html/cake/lib/Cake/Error/ErrorHandler.php(213): ErrorHandler::handleFatalError(1, 'Class 'PDO' not...', '/var/www/html/c...', 210)
#1 [internal function]: ErrorHandler::handleError(1, 'Class 'PDO' not...', '/var/www/html/c...', 210, Array)
#2 /var/www/html/cake/lib/Cake/Core/App.php(970): call_user_func('ErrorHandler::h...', 1, 'Class 'PDO' not...', '/var/www/html/c...', 210, Array)
#3 /var/www/html/cake/lib/Cake/Core/App.php(943): App::_checkFatalError()
#4 [internal function]: App::shutdown()
#5 {main}
2016-03-14 22:25:28 Error: Fatal Error (1): Class 'PDO' not found in [/var/www/html/cake/lib/Cake/Model/Datasource/Database/Mysql.php, line 210]
2016-03-14 22:25:28 Error: [FatalErrorException] Class 'PDO' not found
Request URL: /cake/
Stack Trace:
#0 /var/www/html/cake/lib/Cake/Error/ErrorHandler.php(213): ErrorHandler::handleFatalError(1, 'Class 'PDO' not...', '/var/www/html/c...', 210)
#1 [internal function]: ErrorHandler::handleError(1, 'Class 'PDO' not...', '/var/www/html/c...', 210, Array)
#2 /var/www/html/cake/lib/Cake/Core/App.php(970): call_user_func('ErrorHandler::h...', 1, 'Class 'PDO' not...', '/var/www/html/c...', 210, Array)
#3 /var/www/html/cake/lib/Cake/Core/App.php(943): App::_checkFatalError()
#4 [internal function]: App::shutdown()
#5 {main}
2016-03-14 22:25:30 Error: Fatal Error (1): Class 'PDO' not found in [/var/www/html/cake/lib/Cake/Model/Datasource/Database/Mysql.php, line 210]
2016-03-14 22:25:30 Error: [FatalErrorException] Class 'PDO' not found
Request URL: /cake/
Stack Trace:
#0 /var/www/html/cake/lib/Cake/Error/ErrorHandler.php(213): ErrorHandler::handleFatalError(1, 'Class 'PDO' not...', '/var/www/html/c...', 210)
#1 [internal function]: ErrorHandler::handleError(1, 'Class 'PDO' not...', '/var/www/html/c...', 210, Array)
#2 /var/www/html/cake/lib/Cake/Core/App.php(970): call_user_func('ErrorHandler::h...', 1, 'Class 'PDO' not...', '/var/www/html/c...', 210, Array)
#3 /var/www/html/cake/lib/Cake/Core/App.php(943): App::_checkFatalError()
#4 [internal function]: App::shutdown()
#5 {main}
2016-03-14 22:29:31 Error: [MissingActionException] Action AppController::index.php() could not be found.
Exception Attributes: array (
  'controller' => 'AppController',
  'action' => 'index.php',
)
Request URL: /cake/app/index.php
Stack Trace:
#0 /var/www/html/cake/lib/Cake/Routing/Dispatcher.php(193): Controller->invokeAction(Object(CakeRequest))
#1 /var/www/html/cake/lib/Cake/Routing/Dispatcher.php(167): Dispatcher->_invoke(Object(AppController), Object(CakeRequest))
#2 /var/www/html/cake/app/webroot/index.php(111): Dispatcher->dispatch(Object(CakeRequest), Object(CakeResponse))
#3 /var/www/html/cake/app/index.php(17): require('/var/www/html/c...')
#4 {main}
2016-03-14 22:31:12 Error: [MissingActionException] Action AppController::index.php() could not be found.
Exception Attributes: array (
  'controller' => 'AppController',
  'action' => 'index.php',
)
Request URL: /cake/app/index.php
Stack Trace:
#0 /var/www/html/cake/lib/Cake/Routing/Dispatcher.php(193): Controller->invokeAction(Object(CakeRequest))
#1 /var/www/html/cake/lib/Cake/Routing/Dispatcher.php(167): Dispatcher->_invoke(Object(AppController), Object(CakeRequest))
#2 /var/www/html/cake/app/webroot/index.php(111): Dispatcher->dispatch(Object(CakeRequest), Object(CakeResponse))
#3 /var/www/html/cake/app/index.php(17): require('/var/www/html/c...')
#4 {main}
2016-03-14 22:31:13 Error: [MissingActionException] Action AppController::index.php() could not be found.
Exception Attributes: array (
  'controller' => 'AppController',
  'action' => 'index.php',
)
Request URL: /cake/app/index.php
Stack Trace:
#0 /var/www/html/cake/lib/Cake/Routing/Dispatcher.php(193): Controller->invokeAction(Object(CakeRequest))
#1 /var/www/html/cake/lib/Cake/Routing/Dispatcher.php(167): Dispatcher->_invoke(Object(AppController), Object(CakeRequest))
#2 /var/www/html/cake/app/webroot/index.php(111): Dispatcher->dispatch(Object(CakeRequest), Object(CakeResponse))
#3 /var/www/html/cake/app/index.php(17): require('/var/www/html/c...')
#4 {main}
2016-03-14 22:31:14 Error: [MissingActionException] Action AppController::index.php() could not be found.
Exception Attributes: array (
  'controller' => 'AppController',
  'action' => 'index.php',
)
Request URL: /cake/app/index.php
Stack Trace:
#0 /var/www/html/cake/lib/Cake/Routing/Dispatcher.php(193): Controller->invokeAction(Object(CakeRequest))
#1 /var/www/html/cake/lib/Cake/Routing/Dispatcher.php(167): Dispatcher->_invoke(Object(AppController), Object(CakeRequest))
#2 /var/www/html/cake/app/webroot/index.php(111): Dispatcher->dispatch(Object(CakeRequest), Object(CakeResponse))
#3 /var/www/html/cake/app/index.php(17): require('/var/www/html/c...')
#4 {main}
2016-03-14 22:31:14 Error: [MissingActionException] Action AppController::index.php() could not be found.
Exception Attributes: array (
  'controller' => 'AppController',
  'action' => 'index.php',
)
Request URL: /cake/app/index.php
Stack Trace:
#0 /var/www/html/cake/lib/Cake/Routing/Dispatcher.php(193): Controller->invokeAction(Object(CakeRequest))
#1 /var/www/html/cake/lib/Cake/Routing/Dispatcher.php(167): Dispatcher->_invoke(Object(AppController), Object(CakeRequest))
#2 /var/www/html/cake/app/webroot/index.php(111): Dispatcher->dispatch(Object(CakeRequest), Object(CakeResponse))
#3 /var/www/html/cake/app/index.php(17): require('/var/www/html/c...')
#4 {main}
2016-03-14 22:31:14 Error: [MissingActionException] Action AppController::index.php() could not be found.
Exception Attributes: array (
  'controller' => 'AppController',
  'action' => 'index.php',
)
Request URL: /cake/app/index.php
Stack Trace:
#0 /var/www/html/cake/lib/Cake/Routing/Dispatcher.php(193): Controller->invokeAction(Object(CakeRequest))
#1 /var/www/html/cake/lib/Cake/Routing/Dispatcher.php(167): Dispatcher->_invoke(Object(AppController), Object(CakeRequest))
#2 /var/www/html/cake/app/webroot/index.php(111): Dispatcher->dispatch(Object(CakeRequest), Object(CakeResponse))
#3 /var/www/html/cake/app/index.php(17): require('/var/www/html/c...')
#4 {main}
2016-03-14 22:31:14 Error: [MissingActionException] Action AppController::index.php() could not be found.
Exception Attributes: array (
  'controller' => 'AppController',
  'action' => 'index.php',
)
Request URL: /cake/app/index.php
Stack Trace:
#0 /var/www/html/cake/lib/Cake/Routing/Dispatcher.php(193): Controller->invokeAction(Object(CakeRequest))
#1 /var/www/html/cake/lib/Cake/Routing/Dispatcher.php(167): Dispatcher->_invoke(Object(AppController), Object(CakeRequest))
#2 /var/www/html/cake/app/webroot/index.php(111): Dispatcher->dispatch(Object(CakeRequest), Object(CakeResponse))
#3 /var/www/html/cake/app/index.php(17): require('/var/www/html/c...')
#4 {main}
2016-03-14 22:31:15 Error: [MissingActionException] Action AppController::index.php() could not be found.
Exception Attributes: array (
  'controller' => 'AppController',
  'action' => 'index.php',
)
Request URL: /cake/app/index.php
Stack Trace:
#0 /var/www/html/cake/lib/Cake/Routing/Dispatcher.php(193): Controller->invokeAction(Object(CakeRequest))
#1 /var/www/html/cake/lib/Cake/Routing/Dispatcher.php(167): Dispatcher->_invoke(Object(AppController), Object(CakeRequest))
#2 /var/www/html/cake/app/webroot/index.php(111): Dispatcher->dispatch(Object(CakeRequest), Object(CakeResponse))
#3 /var/www/html/cake/app/index.php(17): require('/var/www/html/c...')
#4 {main}
2016-03-14 23:38:48 Error: Fatal Error (4): syntax error, unexpected T_CONSTANT_ENCAPSED_STRING, expecting ')' in [/var/www/html/cake/app/Config/database.php, line 73]
2016-03-14 23:38:48 Error: [FatalErrorException] syntax error, unexpected T_CONSTANT_ENCAPSED_STRING, expecting ')'
Request URL: /cake/
Stack Trace:
#0 /var/www/html/cake/lib/Cake/Error/ErrorHandler.php(213): ErrorHandler::handleFatalError(4, 'syntax error, u...', '/var/www/html/c...', 73)
#1 [internal function]: ErrorHandler::handleError(4, 'syntax error, u...', '/var/www/html/c...', 73, Array)
#2 /var/www/html/cake/lib/Cake/Core/App.php(970): call_user_func('ErrorHandler::h...', 4, 'syntax error, u...', '/var/www/html/c...', 73, Array)
#3 /var/www/html/cake/lib/Cake/Core/App.php(943): App::_checkFatalError()
#4 [internal function]: App::shutdown()
#5 {main}
